<?xml version="1.0" encoding="UTF-8"?>
<testng-results ignored="0" total="6" passed="4" failed="2" skipped="0">
  <reporter-output>
  </reporter-output>
  <suite started-at="2021-03-24T04:26:18Z" name="Suite" finished-at="2021-03-24T04:27:16Z" duration-ms="57156">
    <groups>
    </groups>
    <test started-at="2021-03-24T04:26:18Z" name="Test" finished-at="2021-03-24T04:27:16Z" duration-ms="57156">
      <class name="com.ibanking.TestCases.Tc_ibanking_002">
        <test-method is-config="true" signature="setUp(java.lang.String)[pri:0, instance:com.ibanking.TestCases.Tc_ibanking_002@795509d9]" started-at="2021-03-24T04:26:31Z" name="setUp" finished-at="2021-03-24T04:26:33Z" duration-ms="1776" status="PASS">
          <params>
            <param index="0">
              <value>
                <![CDATA[chrome]]>
              </value>
            </param>
          </params>
          <reporter-output>
          </reporter-output>
        </test-method> <!-- setUp -->
        <test-method signature="testDDT(java.lang.String, java.lang.String)[pri:0, instance:com.ibanking.TestCases.Tc_ibanking_002@795509d9]" started-at="2021-03-24T04:26:37Z" name="testDDT" data-provider="logindata" finished-at="2021-03-24T04:26:46Z" duration-ms="8571" status="PASS">
          <params>
            <param index="0">
              <value>
                <![CDATA[mngr314622]]>
              </value>
            </param>
            <param index="1">
              <value>
                <![CDATA[gemegAq]]>
              </value>
            </param>
          </params>
          <reporter-output>
          </reporter-output>
        </test-method> <!-- testDDT -->
        <test-method signature="testDDT(java.lang.String, java.lang.String)[pri:0, instance:com.ibanking.TestCases.Tc_ibanking_002@795509d9]" started-at="2021-03-24T04:26:46Z" name="testDDT" data-provider="logindata" finished-at="2021-03-24T04:26:49Z" duration-ms="3261" status="FAIL">
          <params>
            <param index="0">
              <value>
                <![CDATA[mngr314622]]>
              </value>
            </param>
            <param index="1">
              <value>
                <![CDATA[gemegAq11]]>
              </value>
            </param>
          </params>
          <exception class="junit.framework.AssertionFailedError">
            <full-stacktrace>
              <![CDATA[junit.framework.AssertionFailedError
at junit.framework.Assert.fail(Assert.java:47)
at junit.framework.Assert.assertTrue(Assert.java:20)
at junit.framework.Assert.assertTrue(Assert.java:27)
at com.ibanking.TestCases.Tc_ibanking_002.testDDT(Tc_ibanking_002.java:27)
at java.base/jdk.internal.reflect.NativeMethodAccessorImpl.invoke0(Native Method)
at java.base/jdk.internal.reflect.NativeMethodAccessorImpl.invoke(NativeMethodAccessorImpl.java:64)
at java.base/jdk.internal.reflect.DelegatingMethodAccessorImpl.invoke(DelegatingMethodAccessorImpl.java:43)
at java.base/java.lang.reflect.Method.invoke(Method.java:564)
at org.testng.internal.MethodInvocationHelper.invokeMethod(MethodInvocationHelper.java:124)
at org.testng.internal.Invoker.invokeMethod(Invoker.java:583)
at org.testng.internal.Invoker.invokeTestMethod(Invoker.java:719)
at org.testng.internal.Invoker.invokeTestMethods(Invoker.java:989)
at org.testng.internal.TestMethodWorker.invokeTestMethods(TestMethodWorker.java:125)
at org.testng.internal.TestMethodWorker.run(TestMethodWorker.java:109)
at org.testng.TestRunner.privateRun(TestRunner.java:648)
at org.testng.TestRunner.run(TestRunner.java:505)
at org.testng.SuiteRunner.runTest(SuiteRunner.java:455)
at org.testng.SuiteRunner.runSequentially(SuiteRunner.java:450)
at org.testng.SuiteRunner.privateRun(SuiteRunner.java:415)
at org.testng.SuiteRunner.run(SuiteRunner.java:364)
at org.testng.SuiteRunnerWorker.runSuite(SuiteRunnerWorker.java:52)
at org.testng.SuiteRunnerWorker.run(SuiteRunnerWorker.java:84)
at org.testng.TestNG.runSuitesSequentially(TestNG.java:1208)
at org.testng.TestNG.runSuitesLocally(TestNG.java:1137)
at org.testng.TestNG.runSuites(TestNG.java:1049)
at org.testng.TestNG.run(TestNG.java:1017)
at org.testng.remote.AbstractRemoteTestNG.run(AbstractRemoteTestNG.java:115)
at org.testng.remote.RemoteTestNG.initAndRun(RemoteTestNG.java:251)
at org.testng.remote.RemoteTestNG.main(RemoteTestNG.java:77)
]]>
            </full-stacktrace>
          </exception> <!-- junit.framework.AssertionFailedError -->
          <reporter-output>
          </reporter-output>
        </test-method> <!-- testDDT -->
        <test-method signature="testDDT(java.lang.String, java.lang.String)[pri:0, instance:com.ibanking.TestCases.Tc_ibanking_002@795509d9]" started-at="2021-03-24T04:26:49Z" name="testDDT" data-provider="logindata" finished-at="2021-03-24T04:26:55Z" duration-ms="5697" status="PASS">
          <params>
            <param index="0">
              <value>
                <![CDATA[mngr31462211]]>
              </value>
            </param>
            <param index="1">
              <value>
                <![CDATA[gemegAq]]>
              </value>
            </param>
          </params>
          <reporter-output>
          </reporter-output>
        </test-method> <!-- testDDT -->
        <test-method signature="testDDT(java.lang.String, java.lang.String)[pri:0, instance:com.ibanking.TestCases.Tc_ibanking_002@795509d9]" started-at="2021-03-24T04:26:55Z" name="testDDT" data-provider="logindata" finished-at="2021-03-24T04:27:00Z" duration-ms="5478" status="PASS">
          <params>
            <param index="0">
              <value>
                <![CDATA[mngr314622]]>
              </value>
            </param>
            <param index="1">
              <value>
                <![CDATA[gemegAq]]>
              </value>
            </param>
          </params>
          <reporter-output>
          </reporter-output>
        </test-method> <!-- testDDT -->
        <test-method is-config="true" signature="tearDown()[pri:0, instance:com.ibanking.TestCases.Tc_ibanking_002@795509d9]" started-at="2021-03-24T04:27:00Z" name="tearDown" finished-at="2021-03-24T04:27:01Z" duration-ms="746" status="PASS">
          <reporter-output>
          </reporter-output>
        </test-method> <!-- tearDown -->
      </class> <!-- com.ibanking.TestCases.Tc_ibanking_002 -->
      <class name="com.ibanking.TestCases.Tc_Ibanking_001">
        <test-method is-config="true" signature="setUp(java.lang.String)[pri:0, instance:com.ibanking.TestCases.Tc_Ibanking_001@19e4653c]" started-at="2021-03-24T04:26:19Z" name="setUp" finished-at="2021-03-24T04:26:21Z" duration-ms="2497" status="PASS">
          <params>
            <param index="0">
              <value>
                <![CDATA[chrome]]>
              </value>
            </param>
          </params>
          <reporter-output>
          </reporter-output>
        </test-method> <!-- setUp -->
        <test-method signature="login()[pri:0, instance:com.ibanking.TestCases.Tc_Ibanking_001@19e4653c]" started-at="2021-03-24T04:26:21Z" name="login" finished-at="2021-03-24T04:26:30Z" duration-ms="8518" status="FAIL">
          <exception class="java.lang.AssertionError">
            <message>
              <![CDATA[expected [true] but found [false]]]>
            </message>
            <full-stacktrace>
              <![CDATA[java.lang.AssertionError: expected [true] but found [false]
at org.testng.Assert.fail(Assert.java:96)
at org.testng.Assert.failNotEquals(Assert.java:776)
at org.testng.Assert.assertTrue(Assert.java:44)
at org.testng.Assert.assertTrue(Assert.java:54)
at com.ibanking.TestCases.Tc_Ibanking_001.login(Tc_Ibanking_001.java:43)
at java.base/jdk.internal.reflect.NativeMethodAccessorImpl.invoke0(Native Method)
at java.base/jdk.internal.reflect.NativeMethodAccessorImpl.invoke(NativeMethodAccessorImpl.java:64)
at java.base/jdk.internal.reflect.DelegatingMethodAccessorImpl.invoke(DelegatingMethodAccessorImpl.java:43)
at java.base/java.lang.reflect.Method.invoke(Method.java:564)
at org.testng.internal.MethodInvocationHelper.invokeMethod(MethodInvocationHelper.java:124)
at org.testng.internal.Invoker.invokeMethod(Invoker.java:583)
at org.testng.internal.Invoker.invokeTestMethod(Invoker.java:719)
at org.testng.internal.Invoker.invokeTestMethods(Invoker.java:989)
at org.testng.internal.TestMethodWorker.invokeTestMethods(TestMethodWorker.java:125)
at org.testng.internal.TestMethodWorker.run(TestMethodWorker.java:109)
at org.testng.TestRunner.privateRun(TestRunner.java:648)
at org.testng.TestRunner.run(TestRunner.java:505)
at org.testng.SuiteRunner.runTest(SuiteRunner.java:455)
at org.testng.SuiteRunner.runSequentially(SuiteRunner.java:450)
at org.testng.SuiteRunner.privateRun(SuiteRunner.java:415)
at org.testng.SuiteRunner.run(SuiteRunner.java:364)
at org.testng.SuiteRunnerWorker.runSuite(SuiteRunnerWorker.java:52)
at org.testng.SuiteRunnerWorker.run(SuiteRunnerWorker.java:84)
at org.testng.TestNG.runSuitesSequentially(TestNG.java:1208)
at org.testng.TestNG.runSuitesLocally(TestNG.java:1137)
at org.testng.TestNG.runSuites(TestNG.java:1049)
at org.testng.TestNG.run(TestNG.java:1017)
at org.testng.remote.AbstractRemoteTestNG.run(AbstractRemoteTestNG.java:115)
at org.testng.remote.RemoteTestNG.initAndRun(RemoteTestNG.java:251)
at org.testng.remote.RemoteTestNG.main(RemoteTestNG.java:77)
]]>
            </full-stacktrace>
          </exception> <!-- java.lang.AssertionError -->
          <reporter-output>
          </reporter-output>
        </test-method> <!-- login -->
        <test-method is-config="true" signature="tearDown()[pri:0, instance:com.ibanking.TestCases.Tc_Ibanking_001@19e4653c]" started-at="2021-03-24T04:26:30Z" name="tearDown" finished-at="2021-03-24T04:26:31Z" duration-ms="1408" status="PASS">
          <reporter-output>
          </reporter-output>
        </test-method> <!-- tearDown -->
      </class> <!-- com.ibanking.TestCases.Tc_Ibanking_001 -->
      <class name="com.ibanking.TestCases.Tc_ibanking_003">
        <test-method is-config="true" signature="setUp(java.lang.String)[pri:0, instance:com.ibanking.TestCases.Tc_ibanking_003@53045c6c]" started-at="2021-03-24T04:27:01Z" name="setUp" finished-at="2021-03-24T04:27:03Z" duration-ms="2089" status="PASS">
          <params>
            <param index="0">
              <value>
                <![CDATA[chrome]]>
              </value>
            </param>
          </params>
          <reporter-output>
          </reporter-output>
        </test-method> <!-- setUp -->
        <test-method signature="addCustomer()[pri:0, instance:com.ibanking.TestCases.Tc_ibanking_003@53045c6c]" started-at="2021-03-24T04:27:03Z" name="addCustomer" finished-at="2021-03-24T04:27:15Z" duration-ms="11700" status="PASS">
          <reporter-output>
          </reporter-output>
        </test-method> <!-- addCustomer -->
        <test-method is-config="true" signature="tearDown()[pri:0, instance:com.ibanking.TestCases.Tc_ibanking_003@53045c6c]" started-at="2021-03-24T04:27:15Z" name="tearDown" finished-at="2021-03-24T04:27:16Z" duration-ms="965" status="PASS">
          <reporter-output>
          </reporter-output>
        </test-method> <!-- tearDown -->
      </class> <!-- com.ibanking.TestCases.Tc_ibanking_003 -->
    </test> <!-- Test -->
  </suite> <!-- Suite -->
</testng-results>
